INFO:root:1AK4 launched.
INFO:root:1BJ1 launched.
INFO:root:1CZ8 launched.
INFO:root:1DQJ launched.
INFO:root:1DVF launched.
INFO:root:1FFW launched.
INFO:root:1JRH launched.
INFO:root:1JTG launched.
INFO:root:1KTZ launched.
INFO:root:1MHP launched.
INFO:root:1MLC launched.
INFO:root:1N8Z launched.
INFO:root:1T83 launched.
INFO:root:1VFB launched.
INFO:root:1YY9 launched.
INFO:root:2JEL launched.
INFO:root:2NY7 launched.
INFO:root:2NYY launched.
INFO:root:2NZ9 launched.
INFO:root:3BDY launched.
INFO:root:3BE1 launched.
INFO:root:3BN9 launched.
INFO:root:3HFM launched.
INFO:root:3K2M launched.
INFO:root:3NGB launched.
INFO:root:3NPS launched.
INFO:root:3WJJ launched.
INFO:root:HM_1KTZ launched.
INFO:root:HM_1YY9 launched.
INFO:root:HM_2NYY launched.
INFO:root:HM_2NZ9 launched.
INFO:root:HM_3BN9 launched.
INFO:root:1AK4-D:A488G done.
INFO:root:1AK4 done.
INFO:root:1AK4-D:A492G done.
INFO:root:1AK4-D:A488V done.
INFO:root:1AK4-D:A492V done.
INFO:root:1AK4-D:G489A done.
INFO:root:1AK4-D:H487A done.
INFO:root:1AK4-D:G489V done.
INFO:root:1AK4-D:H487Q done.
INFO:root:1AK4-D:H487R done.
INFO:root:1AK4-D:I491A done.
INFO:root:1AK4-D:I491V done.
INFO:root:1AK4-D:L483T_D:V486P_D:H487A_D:A488M_D:I491L_D:A492P_D:M496I done.
INFO:root:1AK4-D:P485A done.
INFO:root:1AK4-D:P490A done.
INFO:root:1AK4-D:P490V done.
INFO:root:1AK4-D:P493A done.
INFO:root:1AK4-D:V486A done.
INFO:root:1BJ1 done.
INFO:root:1BJ1-V:F17A done.
INFO:root:1BJ1-V:Y21A done.
INFO:root:1BJ1-W:E93A done.
INFO:root:1BJ1-W:G88A done.
INFO:root:1BJ1-W:G92A done.
INFO:root:1BJ1-W:H86A done.
INFO:root:1BJ1-W:H90A done.
INFO:root:1BJ1-W:I80A done.
INFO:root:1BJ1-W:I83A done.
INFO:root:1BJ1-W:I91A done.
INFO:root:1BJ1-W:K48A done.
INFO:root:1BJ1-W:K84A done.
INFO:root:1BJ1-W:M81A done.
INFO:root:1BJ1-W:Q79A done.
INFO:root:1BJ1-W:M94A done.
INFO:root:1BJ1-W:Q87A done.
INFO:root:1BJ1-W:Q89A done.
INFO:root:1BJ1-W:R82A done.
INFO:root:1BJ1-W:Y45A done.
INFO:root:1CZ8 done.
INFO:root:1CZ8-V:F17A done.
INFO:root:1CZ8-V:Y21A done.
INFO:root:1CZ8-W:E93A done.
INFO:root:1CZ8-W:G88A done.
INFO:root:1CZ8-W:G92A done.
INFO:root:1CZ8-W:H90A done.
INFO:root:1CZ8-W:H86A done.
INFO:root:1CZ8-W:I80A done.
INFO:root:1CZ8-W:I83A done.
INFO:root:1CZ8-W:I91A done.
INFO:root:1CZ8-W:K48A done.
INFO:root:1CZ8-W:K84A done.
INFO:root:1CZ8-W:M81A done.
INFO:root:1CZ8-W:M94A done.
INFO:root:1CZ8-W:Q79A done.
INFO:root:1CZ8-W:Q87A done.
INFO:root:1CZ8-W:Q89A done.
INFO:root:1CZ8-W:R82A done.
INFO:root:1CZ8-W:Y45A done.
INFO:root:1DQJ done.
INFO:root:1DQJ-C:D101A done.
INFO:root:1DQJ-C:K96A done.
INFO:root:1DQJ-C:K97A done.
INFO:root:1DQJ-C:L75A done.
INFO:root:1DQJ-C:N93A done.
INFO:root:1DQJ-C:R21A done.
INFO:root:1DQJ-C:S100A done.
INFO:root:1DQJ-C:T89A done.
INFO:root:1DQJ-C:W62A done.
INFO:root:1DQJ-C:Y20A done.
INFO:root:1DQJ-C:W63A done.
INFO:root:1DQJ-H:D32A done.
INFO:root:1DQJ-H:D32A_C:K97A done.
INFO:root:1DQJ-H:W98A done.
INFO:root:1DQJ-H:W98A_C:K97A done.
INFO:root:1DQJ-H:W98A_C:S100A done.
INFO:root:1DQJ-H:W98A_C:Y20A done.
INFO:root:1DQJ-H:Y33A done.
INFO:root:1DQJ-H:Y50A done.
INFO:root:1DQJ-H:Y53A done.
INFO:root:1DQJ-H:Y53A_C:D101A done.
INFO:root:1DQJ-H:Y53A_C:L75A done.
INFO:root:1DQJ-H:Y53A_C:W62A done.
INFO:root:1DQJ-H:Y53A_C:W63A done.
INFO:root:1DQJ-L:N31A done.
INFO:root:1DQJ-L:N32A done.
INFO:root:1DQJ-L:S91A done.
INFO:root:1DQJ-L:N32A_C:K96A done.
INFO:root:1DQJ-L:S91A_C:R21A done.
INFO:root:1DQJ-L:S91A_C:Y20A done.
INFO:root:1DQJ-L:Y50A done.
INFO:root:1DQJ-L:Y96A done.
INFO:root:1DQJ-L:Y96A_C:R21A done.
INFO:root:1DVF done.
INFO:root:1DVF-A:H30A done.
INFO:root:1DQJ-L:Y96A_C:S100A done.
INFO:root:1DVF-A:S93A done.
INFO:root:1DVF-A:W92A done.
INFO:root:1DVF-A:Y32A done.
INFO:root:1DVF-A:Y32A_D:R106A done.
INFO:root:1DVF-A:Y49A done.
INFO:root:1DVF-A:Y49A_D:H33A done.
INFO:root:1DVF-A:Y49A_D:N55A done.
INFO:root:1DVF-A:Y50A done.
INFO:root:1DVF-B:D54A done.
INFO:root:1DVF-B:D54A_C:Y49A done.
INFO:root:1DVF-B:D58A done.
INFO:root:1DVF-B:D58A_D:Q104A done.
INFO:root:1DVF-B:D100A done.
INFO:root:1DVF-B:D100A_D:D52A done.
INFO:root:1DVF-B:D100A_D:H33A done.
INFO:root:1DVF-B:D100A_D:N55A done.
INFO:root:1DVF-B:E98A done.
INFO:root:1DVF-B:E98A_D:Y102A done.
INFO:root:1DVF-B:N56A_D:N55A done.
INFO:root:1DVF-B:N56A done.
INFO:root:1DVF-B:N56A_D:H33A done.
INFO:root:1DVF-B:N56A_D:Q104A done.
INFO:root:1DVF-B:T30A done.
INFO:root:1DVF-B:W52A done.
INFO:root:1DVF-B:R99A done.
INFO:root:1DVF-B:W52A_D:Q104A done.
INFO:root:1DVF-B:Y32A done.
INFO:root:1DVF-B:Y101F done.
INFO:root:1DVF-C:Y49A done.
INFO:root:1DVF-D:D52A done.
INFO:root:1DVF-D:H33A done.
INFO:root:1DVF-D:I101A done.
INFO:root:1DVF-D:K30A done.
INFO:root:1DVF-D:N55A done.
INFO:root:1DVF-D:Q104A done.
INFO:root:1DVF-D:R106A done.
INFO:root:1DVF-D:Y102A done.
INFO:root:1FFW done.
INFO:root:1FFW-A:A90V done.
INFO:root:1FFW-A:D13K done.
INFO:root:1FFW-A:E93K done.
INFO:root:1FFW-A:E117K done.
INFO:root:1FFW-A:F111V done.
INFO:root:1FFW-A:T87I done.
INFO:root:1FFW-A:T112I done.
INFO:root:1FFW-A:V108M done.
INFO:root:1FFW-A:Y106W done.
INFO:root:1JRH done.
INFO:root:1JRH-I:A59S_I:I61T_I:H65D done.
INFO:root:1JRH-I:A95D_I:K98R_I:E100K done.
INFO:root:1JRH-I:E45Q done.
INFO:root:1JRH-I:I35N_I:P37S_I:V39T_I:V41I done.
INFO:root:1JRH-I:M25L_I:I28V done.
INFO:root:1JRH-I:S71Y_I:D72E_I:H73Q_I:V74I_I:G75M_I:D76Y_I:S78D_I:N79V_I:L81A done.
INFO:root:1JRH-I:T14V done.
INFO:root:1JRH-I:T19L_I:E21K done.
INFO:root:1JRH-I:V83A_I:R88K done.
INFO:root:1JTG done.
INFO:root:1JTG-A:K234A done.
INFO:root:1JTG-A:K234A_A:S130A done.
INFO:root:1JTG-A:K234A_A:S130A_A:R243A done.
INFO:root:1JTG-A:K234A_A:S235A_A:S130A_A:R243A done.
INFO:root:1JTG-A:R243A done.
INFO:root:1JTG-A:R243A_A:K234A done.
INFO:root:1JTG-A:R243A_A:S130A done.
INFO:root:1JTG-A:R243A_A:S235A done.
INFO:root:1JTG-A:R243A_A:S235A_A:K234A done.
INFO:root:1JTG-A:R243A_A:S235A_A:S130A done.
INFO:root:1JTG-A:S130A done.
INFO:root:1JTG-A:S235A done.
INFO:root:1JTG-A:S235A_A:K234A done.
INFO:root:1JTG-A:S235A_A:S130A done.
INFO:root:1JTG-A:S235A_A:S130A_A:K234A done.
INFO:root:1JTG-B:D49A done.
INFO:root:1JTG-B:D49A_A:K234A done.
INFO:root:1JTG-B:D49A_A:K234A_A:S130A done.
INFO:root:1JTG-B:D49A_A:K234A_A:S130A_A:R243A done.
INFO:root:1JTG-B:D49A_A:K234A_A:S235A_A:S130A_A:R243A done.
INFO:root:1JTG-B:D49A_A:R243A done.
INFO:root:1JTG-B:D49A_A:R243A_A:K234A done.
INFO:root:1JTG-B:D49A_A:R243A_A:S130A done.
INFO:root:1JTG-B:D49A_A:R243A_A:S235A done.
INFO:root:1JTG-B:D49A_A:R243A_A:S235A_A:K234A done.
INFO:root:1JTG-B:D49A_A:R243A_A:S235A_A:S130A done.
INFO:root:1JTG-B:D49A_A:S130A done.
INFO:root:1JTG-B:D49A_A:S235A done.
INFO:root:1JTG-B:D49A_A:S235A_A:K234A done.
INFO:root:1KTZ done.
INFO:root:1JTG-B:D49A_A:S235A_A:S130A_A:K234A done.
INFO:root:1KTZ-B:D32A done.
INFO:root:1JTG-B:D49A_A:S235A_A:S130A done.
INFO:root:1KTZ-B:D32N done.
INFO:root:1KTZ-B:D118A done.
INFO:root:1KTZ-B:E55A done.
INFO:root:1KTZ-B:E75A done.
INFO:root:1KTZ-B:E119A done.
INFO:root:1KTZ-B:E119Q done.
INFO:root:1KTZ-B:F30A done.
INFO:root:1KTZ-B:F110A done.
INFO:root:1KTZ-B:H79A done.
INFO:root:1KTZ-B:I50A done.
INFO:root:1KTZ-B:I53A done.
INFO:root:1KTZ-B:L27A done.
INFO:root:1KTZ-B:I125A done.
INFO:root:1KTZ-B:M112A done.
INFO:root:1KTZ-B:N47A done.
INFO:root:1KTZ-B:S49A done.
INFO:root:1KTZ-B:S52A done.
INFO:root:1KTZ-B:S52L done.
INFO:root:1KTZ-B:T51A done.
INFO:root:1KTZ-B:V62A done.
INFO:root:1KTZ-B:V77A done.
INFO:root:1MHP done.
INFO:root:1MHP-H:F99W done.
INFO:root:1MHP-H:G53A done.
INFO:root:1MHP-H:F99Y done.
INFO:root:1MHP-H:G53N done.
INFO:root:1MHP-H:G53S done.
INFO:root:1MHP-H:G53Q done.
INFO:root:1MHP-H:G53W done.
INFO:root:1MHP-H:G54I done.
INFO:root:1MHP-H:G54N done.
INFO:root:1MHP-H:G54M done.
INFO:root:1MHP-H:G54T done.
INFO:root:1MHP-H:G54Y done.
INFO:root:1MHP-H:G100I done.
INFO:root:1MHP-H:G100F done.
INFO:root:1MHP-H:G100L done.
INFO:root:1MHP-H:G100M done.
INFO:root:1MHP-H:G100V done.
INFO:root:1MHP-H:G100S done.
INFO:root:1MHP-H:G102S done.
INFO:root:1MHP-H:H56Y done.
INFO:root:1MHP-H:K64D done.
INFO:root:1MHP-H:K64E_L:S28Q done.
INFO:root:1MHP-H:K64E done.
INFO:root:1MHP-H:K64E_L:S28Q_L:N52Y done.
INFO:root:1MHP-H:K64N done.
INFO:root:1MHP-H:K64Q done.
INFO:root:1MHP-H:L60D done.
INFO:root:1MHP-H:L60D_H:K64E done.
INFO:root:1MHP-H:L60D_H:K64Q done.
INFO:root:1MHP-H:R31Q done.
INFO:root:1MHP-H:S35A done.
INFO:root:1MHP-H:S35A_H:G102S done.
INFO:root:1MHP-H:S35A_H:T50V_H:G102S done.
INFO:root:1MHP-H:S35Q done.
INFO:root:1MHP-H:S35V done.
INFO:root:1MHP-H:S35V_H:G102S done.
INFO:root:1MHP-H:S35V_H:T50V_H:G102S done.
INFO:root:1MHP-H:S52M done.
INFO:root:1MHP-H:S52T done.
INFO:root:1MHP-H:T33E_H:G53Q done.
INFO:root:1MHP-H:T33I_H:S52T_H:G53N_H:G54N done.
INFO:root:1MHP-H:T33N done.
INFO:root:1MHP-H:T33I_H:S52T_H:G53Q_H:G54F done.
INFO:root:1MHP-H:T33Q done.
INFO:root:1MHP-H:T33Q_H:G54W done.
INFO:root:1MHP-H:T33V done.
INFO:root:1MHP-H:T33S_H:G53W done.
INFO:root:1MHP-H:T50E done.
INFO:root:1MHP-H:T50Q done.
INFO:root:1MHP-H:T50V done.
INFO:root:1MHP-H:T50V_H:G102S done.
INFO:root:1MHP-H:T50V_H:K64E done.
INFO:root:1MHP-H:T50V_H:K64E_L:S28Q_L:N52E done.
INFO:root:1MHP-H:T50V_H:K64E_L:S28Q_L:N52Y done.
INFO:root:1MHP-H:T50V_H:S35A done.
INFO:root:1MHP-H:T50V_H:S35V done.
INFO:root:1MHP-H:T50V_L:S28Q done.
INFO:root:1MHP-H:T50V_L:S28Q_L:N52Y done.
INFO:root:1MHP-H:Y58E done.
INFO:root:1MHP-H:Y58E_H:H56N done.
INFO:root:1MHP-H:Y58Q done.
INFO:root:1MHP-H:Y58Q_H:H56N done.
INFO:root:1MHP-H:Y58W done.
INFO:root:1MHP-H:Y59E done.
INFO:root:1MHP-L:G92Q done.
INFO:root:1MHP-L:G92S done.
INFO:root:1MHP-L:H31K done.
INFO:root:1MHP-L:H31R done.
INFO:root:1MHP-L:H31W done.
INFO:root:1MHP-L:L49F done.
INFO:root:1MHP-L:L49K done.
INFO:root:1MHP-L:L49W done.
INFO:root:1MHP-L:L49Y done.
INFO:root:1MHP-L:N30K done.
INFO:root:1MHP-L:N30V done.
INFO:root:1MHP-L:N30W done.
INFO:root:1MHP-L:N30Y done.
INFO:root:1MHP-L:N30Y_L:S91I done.
INFO:root:1MHP-L:N52D done.
INFO:root:1MHP-L:N52E done.
INFO:root:1MHP-L:N52K done.
INFO:root:1MHP-L:N52R done.
INFO:root:1MHP-L:N52Y done.
INFO:root:1MHP-L:N93D done.
INFO:root:1MHP-L:S24R done.
INFO:root:1MHP-L:S28Q done.
INFO:root:1MHP-L:S91K done.
INFO:root:1MHP-L:S91Q done.
INFO:root:1MHP-L:S91R done.
INFO:root:1MHP-L:S91T done.
INFO:root:1MHP-L:S91W done.
INFO:root:1MHP-L:W90Q done.
INFO:root:1MLC done.
INFO:root:1MHP-L:W90Q_L:F33Y done.
INFO:root:1MLC-H:K65D done.
INFO:root:1MLC-H:S57A done.
INFO:root:1MLC-H:S57V done.
INFO:root:1MLC-H:S57V_H:T58D done.
INFO:root:1MLC-H:S57V_H:T58D_L:N32G_L:N92A done.
INFO:root:1MLC-H:S57V_H:T58D_L:N92A done.
INFO:root:1MLC-H:T28D done.
INFO:root:1MLC-H:T28D_H:E35S_H:S57V_H:T58D_H:G99D_L:N92A done.
INFO:root:1MLC-H:T28D_H:E35S_H:S57V_H:T58D_L:N92A done.
INFO:root:1MLC-H:T28D_H:S30G_H:S57V_H:T58D_L:N92A done.
INFO:root:1MLC-H:T28D_H:S57V_H:T58D_H:G99D_L:N92A done.
INFO:root:1MLC-H:T28D_H:S57V_H:T58D_H:R98M_H:D100Q_L:N92A done.
INFO:root:1MLC-H:T28D_H:S57V_H:T58D_H:Y59E_L:N92A done.
INFO:root:1MLC-H:T28D_H:S57V_H:T58D_L:N32L_L:N92A done.
INFO:root:1MLC-H:T28D_H:S57V_H:T58D_L:N92A done.
INFO:root:1MLC-H:T28D_H:S57V_H:T58D_L:S91N_L:N92A done.
INFO:root:1MLC-H:T28D_H:S57V_H:T58D_L:S91N_L:N92A_L:S93A done.
INFO:root:1MLC-H:T28D_H:Y32R_H:S57V_H:T58D_H:R98S_L:N92A done.
INFO:root:1MLC-H:T28D_H:Y32W_H:S57V_H:T58D_H:R98V_H:D100Q_L:N92A done.
INFO:root:1MLC-H:T31A done.
INFO:root:1MLC-H:T31V done.
INFO:root:1MLC-H:T31W done.
INFO:root:1MLC-L:N32G done.
INFO:root:1MLC-H:T58D done.
INFO:root:1MLC-L:N32G_L:N92A done.
INFO:root:1MLC-L:N32Y done.
INFO:root:1MLC-L:N92A done.
INFO:root:1N8Z done.
INFO:root:1N8Z-H:D31A done.
INFO:root:1N8Z-H:D98A done.
INFO:root:1N8Z-H:D98W done.
INFO:root:1N8Z-H:F100A done.
INFO:root:1N8Z-H:K30A done.
INFO:root:1N8Z-H:N54A done.
INFO:root:1N8Z-H:R50A done.
INFO:root:1N8Z-H:T32A done.
INFO:root:1N8Z-H:T53A done.
INFO:root:1N8Z-H:W95A done.
INFO:root:1N8Z-H:W95A_H:Y100aA done.
INFO:root:1N8Z-H:Y33A done.
INFO:root:1N8Z-H:Y52A done.
INFO:root:1N8Z-H:Y56A done.
INFO:root:1N8Z-H:Y100aA done.
INFO:root:1N8Z-H:Y100aF done.
INFO:root:1N8Z-H:Y102V done.
INFO:root:1N8Z-L:D28N done.
INFO:root:1N8Z-L:F53N done.
INFO:root:1N8Z-L:H91A done.
INFO:root:1N8Z-L:H91A_H:Y100aA done.
INFO:root:1N8Z-L:H91F done.
INFO:root:1N8Z-L:N30A done.
INFO:root:1N8Z-L:N30S done.
INFO:root:1N8Z-L:N30S_L:H91F_L:Y92W done.
INFO:root:1N8Z-L:N30S_L:H91F_L:Y92W_L:T94S_H:D98W_H:Y100aF_H:Y102V done.
INFO:root:1N8Z-L:R66G done.
INFO:root:1N8Z-L:S50A done.
INFO:root:1N8Z-L:S52A done.
INFO:root:1N8Z-L:T31A done.
INFO:root:1N8Z-L:T93A done.
INFO:root:1N8Z-L:T94A done.
INFO:root:1N8Z-L:T94S done.
INFO:root:1N8Z-L:Y49A done.
INFO:root:1N8Z-L:Y92A done.
INFO:root:1T83-A:A327D_B:A327D done.
INFO:root:1N8Z-L:Y92F done.
INFO:root:1T83 done.
INFO:root:1T83-A:A327L_B:A327L done.
INFO:root:1T83-A:A327N_B:A327N done.
INFO:root:1T83-A:A327S_B:A327S done.
INFO:root:1T83-A:A327T_B:A327T done.
INFO:root:1T83-A:A330F_B:A330F done.
INFO:root:1T83-A:A330H_B:A330H done.
INFO:root:1T83-A:A330I_B:A330I done.
INFO:root:1T83-A:A330L_B:A330L_A:I332E_B:I332E done.
INFO:root:1T83-A:A330L_B:A330L done.
INFO:root:1T83-A:A330V_B:A330V done.
INFO:root:1T83-A:A330R_B:A330R done.
INFO:root:1T83-A:A330Y_B:A330Y done.
INFO:root:1T83-A:A330Y_B:A330Y_A:I332E_B:I332E done.
INFO:root:1T83-A:D265G_B:D265G done.
INFO:root:1T83-A:D265F_B:D265F_A:N297E_B:N297E_A:I332E_B:I332E done.
INFO:root:1T83-A:D265Y_B:D265Y_A:N297D_B:N297D_A:I332E_B:I332E done.
INFO:root:1T83-A:D265N_B:D265N done.
INFO:root:1T83-A:D265Y_B:D265Y_A:N297D_B:N297D_A:T299L_B:T299L_A:I332E_B:I332E done.
INFO:root:1T83-A:D270H_B:D270H done.
INFO:root:1T83-A:D270Q_B:D270Q done.
INFO:root:1T83-A:D270T_B:D270T done.
INFO:root:1T83-A:E269F_B:E269F done.
INFO:root:1T83-A:E269H_B:E269H done.
INFO:root:1T83-A:E269L_B:E269L done.
INFO:root:1T83-A:E269N_B:E269N done.
INFO:root:1T83-A:E269R_B:E269R done.
INFO:root:1T83-A:E269T_B:E269T done.
INFO:root:1T83-A:E269Y_B:E269Y done.
INFO:root:1T83-A:E272Y_B:E272Y done.
INFO:root:1T83-A:E283R_B:E283R done.
INFO:root:1T83-A:E318R_B:E318R done.
INFO:root:1T83-A:E333H_B:E333H done.
INFO:root:1T83-A:E333T_B:E333T done.
INFO:root:1T83-A:F241E_B:F241E_A:F243Q_B:F243Q_A:V262T_B:V262T_A:V264E_B:V264E done.
INFO:root:1T83-A:F241E_B:F241E_A:F243R_B:F243R_A:V262E_B:V262E_A:V264R_B:V264R done.
INFO:root:1T83-A:F241E_B:F241E_A:F243R_B:F243R_A:V262E_B:V262E_A:V264R_B:V264R_A:I332E_B:I332E done.
INFO:root:1T83-A:F241E_B:F241E_A:F243Y_B:F243Y_A:V262T_B:V262T_A:V264R_B:V264R done.
INFO:root:1T83-A:F241E_B:F241E_A:F243Y_B:F243Y_A:V262T_B:V262T_A:V264R_B:V264R_A:I332E_B:I332E done.
INFO:root:1T83-A:F241L_B:F241L done.
INFO:root:1T83-A:F241L_B:F241L_A:F243L_B:F243L_A:V262I_B:V262I_A:V264I_B:V264I done.
INFO:root:1T83-A:F241R_B:F241R_A:F243Q_B:F243Q_A:V262T_B:V262T_A:V264R_B:V264R done.
INFO:root:1T83-A:F241W_B:F241W_A:F243W_B:F243W done.
INFO:root:1T83-A:F241W_B:F241W done.
INFO:root:1T83-A:F241W_B:F241W_A:F243W_B:F243W_A:V262A_B:V262A_A:V264A_B:V264A done.
INFO:root:1T83-A:F241Y_B:F241Y_A:F243Y_B:F243Y_A:V262T_B:V262T_A:V264T_B:V264T done.
INFO:root:1T83-A:F243L_B:F243L done.
INFO:root:1T83-A:F241Y_B:F241Y_A:F243Y_B:F243Y_A:V262T_B:V262T_A:V264T_B:V264T_A:N297D_B:N297D_A:I332E_B:I332E done.
INFO:root:1T83-A:F243L_B:F243L_A:V262I_B:V262I_A:V264W_B:V264W done.
INFO:root:1T83-A:F243L_B:F243L_A:V264I_B:V264I done.
INFO:root:1T83-A:F243W_B:F243W done.
INFO:root:1T83-A:F275W_B:F275W done.
INFO:root:1T83-A:I332A_B:I332A done.
INFO:root:1T83-A:I332D_B:I332D done.
INFO:root:1T83-A:I332E_B:I332E done.
INFO:root:1T83-A:I332H_B:I332H done.
INFO:root:1T83-A:I332N_B:I332N done.
INFO:root:1T83-A:I332Q_B:I332Q done.
INFO:root:1T83-A:I332T_B:I332T done.
INFO:root:1T83-A:I332Y_B:I332Y done.
INFO:root:1T83-A:K274E_B:K274E done.
INFO:root:1T83-A:K274L_B:K274L done.
INFO:root:1T83-A:K274R_B:K274R done.
INFO:root:1T83-A:K274T_B:K274T done.
INFO:root:1T83-A:K326E_B:K326E done.
INFO:root:1T83-A:K274Y_B:K274Y done.
INFO:root:1T83-A:K326I_B:K326I done.
INFO:root:1T83-A:K326T_B:K326T done.
INFO:root:1T83-A:L235D_B:L235D done.
INFO:root:1T83-A:L235F_B:L235F done.
INFO:root:1T83-A:L235H_B:L235H done.
INFO:root:1T83-A:L235I_B:L235I done.
INFO:root:1T83-A:L235Q_B:L235Q done.
INFO:root:1T83-A:L235N_B:L235N done.
INFO:root:1T83-A:L235S_B:L235S done.
INFO:root:1T83-A:L235T_B:L235T done.
INFO:root:1T83-A:L235V_B:L235V done.
INFO:root:1T83-A:L235Y_B:L235Y done.
INFO:root:1T83-A:L328A_B:L328A done.
INFO:root:1T83-A:L328D_B:L328D_A:I332E_B:I332E done.
INFO:root:1T83-A:L328E_B:L328E_A:I332E_B:I332E done.
INFO:root:1T83-A:L328E_B:L328E done.
INFO:root:1T83-A:L328F_B:L328F done.
INFO:root:1T83-A:L328H_B:L328H done.
INFO:root:1T83-A:L328H_B:L328H_A:I332E_B:I332E done.
INFO:root:1T83-A:L328I_B:L328I_A:I332E_B:I332E done.
INFO:root:1T83-A:L328M_B:L328M done.
INFO:root:1T83-A:L328M_B:L328M_A:I332E_B:I332E done.
INFO:root:1T83-A:L328N_B:L328N done.
INFO:root:1T83-A:L328N_B:L328N_A:I332E_B:I332E done.
INFO:root:1T83-A:L328Q_B:L328Q_A:I332E_B:I332E done.
INFO:root:1T83-A:L328T_B:L328T_A:I332E_B:I332E done.
INFO:root:1T83-A:L328V_B:L328V_A:I332E_B:I332E done.
INFO:root:1T83-A:N276L_B:N276L done.
INFO:root:1T83-A:N276E_B:N276E done.
INFO:root:1T83-A:N276R_B:N276R done.
INFO:root:1T83-A:N276S_B:N276S done.
INFO:root:1T83-A:N297D_B:N297D done.
INFO:root:1T83-A:N276Y_B:N276Y done.
INFO:root:1T83-A:N297D_B:N297D_A:A330Y_B:A330Y_A:I332E_B:I332E done.
INFO:root:1T83-A:N297D_B:N297D_A:I332E_B:I332E done.
INFO:root:1T83-A:N297D_B:N297D_A:S298A_B:S298A_A:A330Y_B:A330Y_A:I332E_B:I332E done.
INFO:root:1T83-A:N297D_B:N297D_A:T299E_B:T299E_A:I332E_B:I332E done.
INFO:root:1T83-A:N297D_B:N297D_A:T299F_B:T299F_A:I332E_B:I332E done.
INFO:root:1T83-A:N297D_B:N297D_A:T299H_B:T299H_A:I332E_B:I332E done.
INFO:root:1T83-A:N297D_B:N297D_A:T299I_B:T299I_A:I332E_B:I332E done.
INFO:root:1T83-A:N297D_B:N297D_A:T299L_B:T299L_A:I332E_B:I332E done.
INFO:root:1T83-A:N297D_B:N297D_A:T299V_B:T299V_A:I332E_B:I332E done.
INFO:root:1T83-A:N297E_B:N297E_A:I332E_B:I332E done.
INFO:root:1T83-A:N297S_B:N297S done.
INFO:root:1T83-A:N297S_B:N297S_A:I332E_B:I332E done.
INFO:root:1T83-A:N325A_B:N325A done.
INFO:root:1T83-A:N325D_B:N325D done.
INFO:root:1T83-A:N325E_B:N325E done.
INFO:root:1T83-A:N325H_B:N325H done.
INFO:root:1T83-A:N325I_B:N325I done.
INFO:root:1T83-A:N325L_B:N325L done.
INFO:root:1T83-A:N325Q_B:N325Q done.
INFO:root:1T83-A:N325T_B:N325T done.
INFO:root:1T83-A:N325V_B:N325V done.
INFO:root:1T83-A:P244H_B:P244H done.
INFO:root:1T83-A:P244H_B:P244H_A:P245A_B:P245A_A:P247V_B:P247V done.
INFO:root:1T83-A:P245A_B:P245A done.
INFO:root:1T83-A:P247G_B:P247G done.
INFO:root:1T83-A:P247V_B:P247V done.
INFO:root:1T83-A:P329F_B:P329F done.
INFO:root:1T83-A:S239D_B:S239D done.
INFO:root:1T83-A:S239D_B:S239D_A:A330L_B:A330L_A:I332E_B:I332E done.
INFO:root:1T83-A:S239D_B:S239D_A:A330Y_B:A330Y_A:I332E_B:I332E done.
INFO:root:1T83-A:S239D_B:S239D_A:A330Y_B:A330Y_A:I332E_B:I332E_A:K326E_B:K326E done.
INFO:root:1T83-A:S239D_B:S239D_A:A330Y_B:A330Y_A:I332E_B:I332E_A:K326T_B:K326T done.
INFO:root:1T83-A:S239D_B:S239D_A:A330Y_B:A330Y_A:I332E_B:I332E_A:L235D_B:L235D done.
INFO:root:1T83-A:S239D_B:S239D_A:A330Y_B:A330Y_A:I332E_B:I332E_A:V240I_B:V240I done.
INFO:root:1T83-A:S239D_B:S239D_A:A330Y_B:A330Y_A:I332E_B:I332E_A:V264T_B:V264T done.
INFO:root:1T83-A:S239D_B:S239D_A:D265F_B:D265F_A:N297D_B:N297D_A:I332E_B:I332E done.
INFO:root:1T83-A:S239D_B:S239D_A:D265H_B:D265H_A:N297D_B:N297D_A:I332E_B:I332E done.
INFO:root:1T83-A:S239D_B:S239D_A:D265I_B:D265I_A:N297D_B:N297D_A:I332E_B:I332E done.
INFO:root:1T83-A:S239D_B:S239D_A:D265L_B:D265L_A:N297D_B:N297D_A:I332E_B:I332E done.
INFO:root:1T83-A:S239D_B:S239D_A:D265T_B:D265T_A:N297D_B:N297D_A:I332E_B:I332E done.
INFO:root:1T83-A:S239D_B:S239D_A:D265V_B:D265V_A:N297D_B:N297D_A:I332E_B:I332E done.
INFO:root:1T83-A:S239D_B:S239D_A:D265Y_B:D265Y_A:N297D_B:N297D_A:I332E_B:I332E done.
INFO:root:1T83-A:S239D_B:S239D_A:I332D_B:I332D done.
INFO:root:1T83-A:S239D_B:S239D_A:I332E_B:I332E done.
INFO:root:1T83-A:S239D_B:S239D_A:I332E_B:I332E_A:A330I_B:A330I done.
INFO:root:1T83-A:S239D_B:S239D_A:I332N_B:I332N done.
INFO:root:1T83-A:S239D_B:S239D_A:I332Q_B:I332Q done.
INFO:root:1T83-A:S239D_B:S239D_A:N297D_B:N297D_A:I332E_B:I332E done.
INFO:root:1T83-A:S239D_B:S239D_A:N297D_B:N297D_A:I332E_B:I332E_A:A330Y_B:A330Y done.
INFO:root:1T83-A:S239D_B:S239D_A:N297D_B:N297D_A:I332E_B:I332E_A:A330Y_B:A330Y_A:F241S_B:F241S_A:F243H_B:F243H_A:V262T_B:V262T_A:V264T_B:V264T done.
INFO:root:1T83-A:S239D_B:S239D_A:S298A_B:S298A_A:I332E_B:I332E done.
INFO:root:1T83-A:S239D_B:S239D_A:V264I_B:V264I_A:I332E_B:I332E done.
INFO:root:1T83-A:S239E_B:S239E done.
INFO:root:1T83-A:S239E_B:S239E_A:D265G_B:D265G done.
INFO:root:1T83-A:S239E_B:S239E_A:D265N_B:D265N done.
INFO:root:1T83-A:S239E_B:S239E_A:D265Q_B:D265Q done.
INFO:root:1T83-A:S239E_B:S239E_A:I332D_B:I332D done.
INFO:root:1T83-A:S239E_B:S239E_A:I332E_B:I332E done.
INFO:root:1T83-A:S239E_B:S239E_A:I332N_B:I332N done.
INFO:root:1T83-A:S239E_B:S239E_A:I332Q_B:I332Q done.
INFO:root:1T83-A:S239E_B:S239E_A:N297D_B:N297D_A:I332E_B:I332E done.
INFO:root:1T83-A:S239E_B:S239E_A:V264I_B:V264I_A:A330Y_B:A330Y_A:I332E_B:I332E done.
INFO:root:1T83-A:S239E_B:S239E_A:V264I_B:V264I_A:I332E_B:I332E done.
INFO:root:1T83-A:S239F_B:S239F done.
INFO:root:1T83-A:S239H_B:S239H done.
INFO:root:1T83-A:S239N_B:S239N done.
INFO:root:1T83-A:S239N_B:S239N_A:A330L_B:A330L_A:I332E_B:I332E done.
INFO:root:1T83-A:S239N_B:S239N_A:A330Y_B:A330Y_A:I332E_B:I332E done.
INFO:root:1T83-A:S239N_B:S239N_A:I332D_B:I332D done.
INFO:root:1T83-A:S239N_B:S239N_A:I332E_B:I332E done.
INFO:root:1T83-A:S239N_B:S239N_A:I332N_B:I332N done.
INFO:root:1T83-A:S239N_B:S239N_A:I332Q_B:I332Q done.
INFO:root:1T83-A:S239N_B:S239N_A:S298A_B:S298A_A:I332E_B:I332E done.
INFO:root:1T83-A:S239Q_B:S239Q_A:I332D_B:I332D done.
INFO:root:1T83-A:S239Q_B:S239Q_A:I332E_B:I332E done.
INFO:root:1T83-A:S239Q_B:S239Q_A:I332N_B:I332N done.
INFO:root:1T83-A:S239Q_B:S239Q_A:I332Q_B:I332Q done.
INFO:root:1T83-A:S239Q_B:S239Q_A:V264I_B:V264I_A:I332E_B:I332E done.
INFO:root:1T83-A:S239T_B:S239T done.
INFO:root:1T83-A:S239Y_B:S239Y done.
INFO:root:1T83-A:S267L_B:S267L_A:A327S_B:A327S done.
INFO:root:1T83-A:S267Q_B:S267Q_A:A327S_B:A327S done.
INFO:root:1T83-A:S298A_B:S298A done.
INFO:root:1T83-A:S298A_B:S298A_A:E333A_B:E333A_A:K334A_B:K334A done.
INFO:root:1T83-A:S298A_B:S298A_A:I332E_B:I332E done.
INFO:root:1T83-A:S298H_B:S298H done.
INFO:root:1T83-A:S298N_B:S298N done.
INFO:root:1T83-A:S298T_B:S298T done.
INFO:root:1T83-A:S324D_B:S324D done.
INFO:root:1T83-A:S324I_B:S324I done.
INFO:root:1T83-A:S324L_B:S324L done.
INFO:root:1T83-A:S324R_B:S324R done.
INFO:root:1T83-A:S324V_B:S324V done.
INFO:root:1T83-A:S324Y_B:S324Y done.
INFO:root:1T83-A:T299A_B:T299A done.
INFO:root:1T83-A:T299H_B:T299H done.
INFO:root:1T83-A:T299I_B:T299I done.
INFO:root:1T83-A:T299S_B:T299S done.
INFO:root:1T83-A:T299V_B:T299V done.
INFO:root:1T83-A:T335D_B:T335D done.
INFO:root:1T83-A:T335R_B:T335R done.
INFO:root:1T83-A:T335Y_B:T335Y done.
INFO:root:1T83-A:V240A_B:V240A done.
INFO:root:1T83-A:V240I_B:V240I done.
INFO:root:1T83-A:V240I_B:V240I_A:V266I_B:V266I done.
INFO:root:1T83-A:V240M_B:V240M done.
INFO:root:1T83-A:V263I_B:V263I done.
INFO:root:1T83-A:V263M_B:V263M done.
INFO:root:1T83-A:V263T_B:V263T done.
INFO:root:1T83-A:V264A_B:V264A done.
INFO:root:1T83-A:V264E_B:V264E_A:N297D_B:N297D_A:I332E_B:I332E done.
INFO:root:1T83-A:V264F_B:V264F done.
INFO:root:1T83-A:V264I_B:V264I done.
INFO:root:1T83-A:V264I_B:V264I_A:A330L_B:A330L_A:I332E_B:I332E done.
INFO:root:1T83-A:V264I_B:V264I_A:A330Y_B:A330Y_A:I332E_B:I332E done.
INFO:root:1T83-A:V264I_B:V264I_A:I332E_B:I332E done.
INFO:root:1T83-A:V264I_B:V264I_A:S298A_B:S298A_A:I332E_B:I332E done.
INFO:root:1T83-A:V264L_B:V264L done.
INFO:root:1T83-A:V264M_B:V264M done.
INFO:root:1T83-A:V264T_B:V264T done.
INFO:root:1T83-A:V264Y_B:V264Y done.
INFO:root:1T83-A:V266A_B:V266A done.
INFO:root:1T83-A:V266I_B:V266I done.
INFO:root:1T83-A:V266M_B:V266M done.
INFO:root:1T83-A:V266T_B:V266T done.
INFO:root:1T83-A:V273I_B:V273I done.
INFO:root:1T83-A:V302I_B:V302I done.
INFO:root:1T83-A:V323I_B:V323I done.
INFO:root:1T83-A:W313F_B:W313F done.
INFO:root:1T83-A:Y278E_B:Y278E done.
INFO:root:1T83-A:Y278T_B:Y278T done.
INFO:root:1T83-A:Y278W_B:Y278W done.
INFO:root:1T83-A:Y296D_B:Y296D done.
INFO:root:1T83-A:Y296E_B:Y296E done.
INFO:root:1T83-A:Y296E_B:Y296E_A:N297D_B:N297D_A:I332E_B:I332E done.
INFO:root:1T83-A:Y296H_B:Y296H_A:N297D_B:N297D_A:I332E_B:I332E done.
INFO:root:1T83-A:Y296I_B:Y296I done.
INFO:root:1T83-A:Y296L_B:Y296L done.
INFO:root:1T83-A:Y296N_B:Y296N done.
INFO:root:1T83-A:Y296N_B:Y296N_A:N297D_B:N297D_A:I332E_B:I332E done.
INFO:root:1T83-A:Y296Q_B:Y296Q done.
INFO:root:1T83-A:Y296Q_B:Y296Q_A:N297D_B:N297D_A:I332E_B:I332E done.
INFO:root:1T83-A:Y296S_B:Y296S done.
INFO:root:1T83-A:Y296T_B:Y296T done.
INFO:root:1VFB done.
INFO:root:1T83-A:Y296T_B:Y296T_A:N297D_B:N297D_A:I332E_B:I332E done.
INFO:root:1VFB-C:D18A done.
INFO:root:1VFB-C:D119A done.
INFO:root:1VFB-C:I124A done.
INFO:root:1VFB-C:K116A done.
INFO:root:1VFB-C:L129A done.
INFO:root:1VFB-C:N19A done.
INFO:root:1VFB-C:Q121A done.
INFO:root:1VFB-C:R125A done.
INFO:root:1VFB-C:S24A done.
INFO:root:1VFB-C:T118A done.
INFO:root:1VFB-C:V120A done.
INFO:root:1VFB-C:Y23A done.
INFO:root:1VFB-H:D54A done.
INFO:root:1VFB-H:D54A_C:T118A done.
INFO:root:1VFB-H:D58E done.
INFO:root:1VFB-H:D58N done.
INFO:root:1VFB-H:D100A done.
INFO:root:1VFB-H:D100A_C:S24A done.
INFO:root:1VFB-H:G31A done.
INFO:root:1VFB-H:G31E done.
INFO:root:1VFB-H:G31W done.
INFO:root:1VFB-H:R99W done.
INFO:root:1VFB-H:R99Y done.
INFO:root:1VFB-H:S28D done.
INFO:root:1VFB-H:S28E done.
INFO:root:1VFB-H:S28N done.
INFO:root:1VFB-H:S28Q done.
INFO:root:1VFB-H:W52A done.
INFO:root:1VFB-H:Y32A done.
INFO:root:1VFB-H:W52A_C:D119A done.
INFO:root:1VFB-H:Y32A_C:K116A done.
INFO:root:1VFB-H:Y32E done.
INFO:root:1VFB-H:Y101A done.
INFO:root:1VFB-H:Y101F done.
INFO:root:1VFB-H:Y101F_C:D119A done.
INFO:root:1VFB-H:Y101F_C:V120A done.
INFO:root:1VFB-L:L46D done.
INFO:root:1VFB-L:L46E done.
INFO:root:1VFB-L:N31W done.
INFO:root:1VFB-L:T52F done.
INFO:root:1VFB-L:T53R done.
INFO:root:1VFB-L:W92A done.
INFO:root:1VFB-L:W92A_C:I124A done.
INFO:root:1VFB-L:W92A_C:L129A done.
INFO:root:1VFB-L:W92A_C:Q121A done.
INFO:root:1VFB-L:W92A_C:R125A done.
INFO:root:1VFB-L:Y32A done.
INFO:root:1VFB-L:Y32A_C:I124A done.
INFO:root:1VFB-L:Y32A_C:Q121A done.
INFO:root:1VFB-L:Y32W done.
INFO:root:1VFB-L:Y50A done.
INFO:root:1VFB-L:Y50A_C:D18A done.
INFO:root:1VFB-L:Y50A_C:D119A done.
INFO:root:1VFB-L:Y50K done.
INFO:root:1VFB-L:Y50R done.
INFO:root:1YY9 done.
INFO:root:1YY9-H:T61E done.
INFO:root:1YY9-H:N56A done.
INFO:root:1YY9-L:N93A done.
INFO:root:1YY9-L:S26D done.
INFO:root:1YY9-L:S26D_L:T31E_L:N93A_H:N56A_H:T61E done.
INFO:root:1YY9-L:S26D_L:T31E_L:N93A done.
INFO:root:1YY9-L:T31E done.
INFO:root:2JEL done.
INFO:root:2JEL-P:A82S done.
INFO:root:2JEL-P:D69E done.
INFO:root:1YY9-L:T31E_L:N93A done.
INFO:root:2JEL-P:E5D done.
INFO:root:2JEL-P:E5Q done.
INFO:root:2JEL-P:E66K done.
INFO:root:2JEL-P:E68A done.
INFO:root:2JEL-P:E70A done.
INFO:root:2JEL-P:E70K done.
INFO:root:2JEL-P:E75R done.
INFO:root:2JEL-P:E83A done.
INFO:root:2JEL-P:E85A done.
INFO:root:2JEL-P:E85D done.
INFO:root:2JEL-P:E85K done.
INFO:root:2JEL-P:E85Q done.
INFO:root:2JEL-P:F2W done.
INFO:root:2JEL-P:F2Y done.
INFO:root:2JEL-P:H76A done.
INFO:root:2JEL-P:H76D done.
INFO:root:2JEL-P:K24E done.
INFO:root:2JEL-P:K27E done.
INFO:root:2JEL-P:K72E done.
INFO:root:2JEL-P:K72R done.
INFO:root:2JEL-P:K79E done.
INFO:root:2JEL-P:N12D done.
INFO:root:2JEL-P:N38T done.
INFO:root:2JEL-P:P11E done.
INFO:root:2JEL-P:Q3K done.
INFO:root:2JEL-P:Q4K done.
INFO:root:2JEL-P:Q57E done.
INFO:root:2JEL-P:Q71E done.
INFO:root:2JEL-P:R17G done.
INFO:root:2JEL-P:R17K done.
INFO:root:2JEL-P:S41C done.
INFO:root:2JEL-P:S43C done.
INFO:root:2JEL-P:S46C done.
INFO:root:2JEL-P:S64T done.
INFO:root:2JEL-P:T7N done.
INFO:root:2JEL-P:T7S done.
INFO:root:2JEL-P:T34Q done.
INFO:root:2JEL-P:T36Q done.
INFO:root:2JEL-P:T62A done.
INFO:root:2JEL-P:T62N done.
INFO:root:2JEL-P:V6F done.
INFO:root:2NY7 done.
INFO:root:2NY7-H:N31H_H:V33T_H:I34L done.
INFO:root:2NY7-H:N31H_H:V33T_H:I34V done.
INFO:root:2NY7-H:P97E_H:Y98W_H:S99G done.
INFO:root:2NY7-H:P97E_H:Y98W_H:S99G_H:D100aD_H:D100bQ_H:S100cR_H:P100dR_H:Q100eY done.
INFO:root:2NY7-H:P97E_H:Y98W_H:S99G_H:D100aD_H:D100bQ_H:S100cV_H:P100dR_H:Q100eY done.
INFO:root:2NY7-H:P97E_H:Y98W_H:S99G_H:D100aE_H:D100bM_H:S100cF_H:P100dR_H:Q100eY done.
INFO:root:2NY7-H:P97E_H:Y98W_H:S99G_H:D100aE_H:D100bM_H:S100cR_H:P100dR_H:Q100eF done.
INFO:root:2NY7-H:P97E_H:Y98W_H:S99G_H:D100aE_H:D100bQ_H:S100cF_H:P100dR_H:Q100eF done.
INFO:root:2NY7-H:P97E_H:Y98W_H:S99G_H:D100aH_H:D100bQ_H:S100cR_H:P100dR_H:Q100eY done.
INFO:root:2NY7-H:P97E_H:Y98W_H:S99G_H:D100aT_H:D100bQ_H:S100cR_H:P100dR_H:Q100eF done.
INFO:root:2NY7-H:V33T_H:H35M done.
INFO:root:2NY7-H:V33T_H:I34V done.
INFO:root:2NY7-L:A93G_L:S95A done.
INFO:root:2NY7-L:A93W_L:S95Q done.
INFO:root:2NY7-L:S28K_L:I28aE_L:R29F_L:S30G done.
INFO:root:2NY7-L:S28P_L:I28aL_L:R29H_L:S30R_L:R31A done.
INFO:root:2NY7-L:S28Q_L:I28aL_L:R29D_L:S30G_L:R31S done.
INFO:root:2NY7-L:S28T_L:I28aV_L:R29Y_L:S30R_L:R31D done.
INFO:root:2NY7-L:V90K_L:A93D_L:S95F done.
INFO:root:2NY7-L:V90K_L:A93G_L:S94G_L:S95T done.
INFO:root:2NY7-L:V90L_L:A93R_L:S94G_L:S95N done.
INFO:root:2NY7-L:V90M_L:A93G_L:S94F_L:S95T done.
INFO:root:2NY7-L:V90M_L:A93G_L:S94R_L:S95D done.
INFO:root:2NY7-L:V90Q_L:A93D_L:S95L done.
INFO:root:2NY7-L:V90Q_L:A93W_L:S94P_L:S95F done.
INFO:root:2NY7-L:V90S_L:A93G_L:S94R_L:S95D done.
INFO:root:2NY7-L:V90T_L:A93R_L:S94G done.
INFO:root:2NY7-L:V90T_L:A93R_L:S94G_L:S95H done.
INFO:root:2NY7-L:V90T_L:A93R_L:S94G_L:S95I done.
INFO:root:2NY7-L:V90T_L:A93R_L:S94G_L:S95V done.
INFO:root:2NY7-L:V90T_L:A93W_L:S95G done.
INFO:root:2NYY done.
INFO:root:2NYY-A:D1058A done.
INFO:root:2NYY-A:D1062A done.
INFO:root:2NYY-A:E920A done.
INFO:root:2NYY-A:F917A done.
INFO:root:2NYY-A:F953A done.
INFO:root:2NYY-A:H1064A done.
INFO:root:2NYY-A:I956A done.
INFO:root:2NYY-A:K903A done.
INFO:root:2NYY-A:K923A done.
INFO:root:2NYY-A:K1056A done.
INFO:root:2NYY-A:L919A done.
INFO:root:2NYY-A:N918A done.
INFO:root:2NYY-A:N954A done.
INFO:root:2NYY-A:Q915A done.
INFO:root:2NYY-A:R1061A done.
INFO:root:2NYY-A:R1294A done.
INFO:root:2NYY-A:S902A done.
INFO:root:2NYY-A:S955A done.
INFO:root:2NYY-A:T1063A done.
INFO:root:2NYY-H:K30R done.
INFO:root:2NYY-H:M34Q done.
INFO:root:2NYY-H:Y31D done.
INFO:root:2NYY-H:Y31Q done.
INFO:root:2NYY-H:Y57Q done.
INFO:root:2NYY-L:D30Y done.
INFO:root:2NYY-L:H34R done.
INFO:root:2NYY-L:S28Q done.
INFO:root:2NYY-L:S31N done.
INFO:root:2NZ9 done.
INFO:root:2NZ9-A:D1058A done.
INFO:root:2NZ9-A:D1062A done.
INFO:root:2NZ9-A:E920A done.
INFO:root:2NZ9-A:F917A done.
INFO:root:2NZ9-A:H1064A done.
INFO:root:2NZ9-A:F953A done.
INFO:root:2NZ9-A:I956A done.
INFO:root:2NZ9-A:K903A done.
INFO:root:2NZ9-A:K1056A done.
INFO:root:2NZ9-A:K923A done.
INFO:root:2NZ9-A:L919A done.
INFO:root:2NZ9-A:N918A done.
INFO:root:2NZ9-A:Q915A done.
INFO:root:2NZ9-A:N954A done.
INFO:root:2NZ9-A:R1061A done.
INFO:root:2NZ9-A:R1294A done.
INFO:root:3BDY done.
INFO:root:2NZ9-A:S902A done.
INFO:root:2NZ9-A:S955A done.
INFO:root:3BDY-H:D31A done.
INFO:root:3BDY-H:F100A done.
INFO:root:3BDY-H:D98A done.
INFO:root:3BDY-H:G96A done.
INFO:root:3BDY-H:G97A done.
INFO:root:3BDY-H:G99A done.
INFO:root:2NZ9-A:T1063A done.
INFO:root:3BDY-H:K30A done.
INFO:root:3BDY-H:R50A done.
INFO:root:3BDY-H:N54A done.
INFO:root:3BDY-H:R58A done.
INFO:root:3BDY-H:T32A done.
INFO:root:3BDY-H:T53A done.
INFO:root:3BDY-H:W95A done.
INFO:root:3BDY-H:Y33A done.
INFO:root:3BDY-H:Y52A done.
INFO:root:3BDY-H:Y56A done.
INFO:root:3BDY-H:Y100aA done.
INFO:root:3BDY-L:D27aA done.
INFO:root:3BDY-L:G31A done.
INFO:root:3BDY-L:G51A done.
INFO:root:3BDY-L:H91A done.
INFO:root:3BDY-L:I27bA done.
INFO:root:3BDY-L:I29A done.
INFO:root:3BDY-L:P27cA done.
INFO:root:3BDY-L:R27dA done.
INFO:root:3BDY-L:S28A done.
INFO:root:3BDY-L:S30A done.
INFO:root:3BDY-L:S52A done.
INFO:root:3BDY-L:T93A done.
INFO:root:3BDY-L:T94A done.
INFO:root:3BDY-L:W50A done.
INFO:root:3BDY-L:Y53A done.
INFO:root:3BDY-L:Y32A done.
INFO:root:3BDY-L:Y92A done.
INFO:root:3BE1 done.
INFO:root:3BE1-H:D31A done.
INFO:root:3BE1-H:D98A done.
INFO:root:3BE1-H:F100A done.
INFO:root:3BE1-H:G96A done.
INFO:root:3BE1-H:G99A done.
INFO:root:3BE1-H:G97A done.
INFO:root:3BE1-H:K30A done.
INFO:root:3BE1-H:N54A done.
INFO:root:3BE1-H:R50A done.
INFO:root:3BE1-H:R58A done.
INFO:root:3BE1-H:T32A done.
INFO:root:3BE1-H:T53A done.
INFO:root:3BE1-H:Y33A done.
INFO:root:3BE1-H:W95A done.
INFO:root:3BE1-H:Y52A done.
INFO:root:3BE1-H:Y56A done.
INFO:root:3BE1-H:Y100aA done.
INFO:root:3BE1-L:D27aA done.
INFO:root:3BE1-L:G31A done.
INFO:root:3BE1-L:G51A done.
INFO:root:3BE1-L:I27bA done.
INFO:root:3BE1-L:H91A done.
INFO:root:3BE1-L:I29A done.
INFO:root:3BE1-L:P27cA done.
INFO:root:3BE1-L:R27dA done.
INFO:root:3BE1-L:S28A done.
INFO:root:3BE1-L:S30A done.
INFO:root:3BE1-L:S52A done.
INFO:root:3BE1-L:T93A done.
INFO:root:3BE1-L:T94A done.
INFO:root:3BE1-L:W50A done.
INFO:root:3BE1-L:Y32A done.
INFO:root:3BE1-L:Y92A done.
INFO:root:3BN9 done.
INFO:root:3BE1-L:Y53A done.
INFO:root:3BN9-A:D60aA done.
INFO:root:3BN9-A:D60bA done.
INFO:root:3BN9-A:D217A done.
INFO:root:3BN9-A:D96A done.
INFO:root:3BN9-A:E169A done.
INFO:root:3BN9-A:F97A done.
INFO:root:3BN9-A:F94A done.
INFO:root:3BN9-A:F60eA done.
INFO:root:3BN9-A:H143A done.
INFO:root:3BN9-A:I41A done.
INFO:root:3BN9-A:I60A done.
INFO:root:3BN9-A:K224A done.
INFO:root:3BN9-A:L153A done.
INFO:root:3BN9-A:Q38A done.
INFO:root:3BN9-A:N95A done.
INFO:root:3BN9-A:Q145A done.
INFO:root:3BN9-A:Q174A done.
INFO:root:3BN9-A:Q175A done.
INFO:root:3BN9-A:Q221aA done.
INFO:root:3BN9-A:R60cA done.
INFO:root:3BN9-A:R60fA done.
INFO:root:3BN9-A:R87A done.
INFO:root:3BN9-A:R222A done.
INFO:root:3BN9-A:T98A done.
INFO:root:3BN9-A:T150A done.
INFO:root:3BN9-A:Y146A done.
INFO:root:3BN9-A:Y60gA done.
INFO:root:3BN9-H:P100H done.
INFO:root:3BN9-H:Q100aV done.
INFO:root:3BN9-H:S30G done.
INFO:root:3BN9-H:S30N done.
INFO:root:3BN9-H:T28R done.
INFO:root:3BN9-H:T98Q done.
INFO:root:3HFM done.
INFO:root:3BN9-H:Y99S done.
INFO:root:3BN9-H:T98R done.
INFO:root:3HFM-H:C95A done.
INFO:root:3HFM-H:C95A_Y:K96A done.
INFO:root:3HFM-H:C95A_Y:K97A done.
INFO:root:3HFM-H:C95A_Y:Y20A done.
INFO:root:3HFM-H:C95F done.
INFO:root:3HFM-H:C95F_Y:K96A done.
INFO:root:3HFM-H:C95F_Y:K97A done.
INFO:root:3HFM-H:C95F_Y:Y20A done.
INFO:root:3HFM-H:D32A done.
INFO:root:3HFM-H:D32A_Y:K97A done.
INFO:root:3HFM-H:D32A_Y:K97M done.
INFO:root:3HFM-H:D32N done.
INFO:root:3HFM-H:D32N_Y:K97A done.
INFO:root:3HFM-H:D32N_Y:K97M done.
INFO:root:3HFM-H:S31A done.
INFO:root:3HFM-H:Y33A done.
INFO:root:3HFM-H:Y33A_Y:K96A done.
INFO:root:3HFM-H:Y33A_Y:K97A done.
INFO:root:3HFM-H:Y33A_Y:Y20A done.
INFO:root:3HFM-H:Y50A_Y:R21A done.
INFO:root:3HFM-H:Y50A done.
INFO:root:3HFM-L:N31A done.
INFO:root:3HFM-L:N31A_Y:K96A done.
INFO:root:3HFM-L:N31E done.
INFO:root:3HFM-L:N31D done.
INFO:root:3HFM-L:N32A done.
INFO:root:3HFM-L:N32A_Y:Y20A done.
INFO:root:3HFM-L:Q53A done.
INFO:root:3HFM-L:Y50A done.
INFO:root:3HFM-L:Y50A_Y:K96A done.
INFO:root:3HFM-L:Y50A_Y:K97A done.
INFO:root:3HFM-L:Y50A_Y:Y20A done.
INFO:root:3HFM-L:Y50A_Y:R21A done.
INFO:root:3HFM-L:Y50F done.
INFO:root:3HFM-L:Y50F_Y:K96A done.
INFO:root:3HFM-L:Y50F_Y:R21A done.
INFO:root:3HFM-L:Y50F_Y:K97A done.
INFO:root:3HFM-L:Y50F_Y:Y20A done.
INFO:root:3HFM-L:Y50L done.
INFO:root:3HFM-L:Y96A_Y:R21A done.
INFO:root:3HFM-L:Y96A done.
INFO:root:3HFM-L:Y96F done.
INFO:root:3HFM-L:Y96F_Y:R21A done.
INFO:root:3HFM-Y:K96A done.
INFO:root:3HFM-Y:K97A done.
INFO:root:3HFM-Y:K97M done.
INFO:root:3K2M done.
INFO:root:3HFM-Y:R21A done.
INFO:root:3K2M-D:E52A done.
INFO:root:3HFM-Y:Y20A done.
INFO:root:3K2M-D:M88A done.
INFO:root:3K2M-D:R38A done.
INFO:root:3K2M-D:W80A done.
INFO:root:3K2M-D:Y35A done.
INFO:root:3K2M-D:Y36A done.
INFO:root:3K2M-D:Y87A done.
INFO:root:3NGB done.
INFO:root:3NGB-H:C32S_H:C98A done.
INFO:root:3NGB-H:A56G_H:V57T_H:P62K_H:V73T done.
INFO:root:3NGB-H:A56G done.
INFO:root:3NGB-H:G54S done.
INFO:root:3NGB-H:I30T_H:K52N_H:R53N_H:G54S_H:A56G_H:V57T_H:R61Q_H:P62K_H:V73T_H:Y74S_L:Y28S done.
INFO:root:3NGB-H:I30T done.
INFO:root:3NGB-H:K52N done.
INFO:root:3NGB-H:P62K done.
INFO:root:3NGB-H:T33Y done.
INFO:root:3NGB-H:R61Q done.
INFO:root:3NGB-H:R53N done.
INFO:root:3NGB-H:T33Y_H:G55S_H:A56G_H:V57T_H:P62K_H:V73T_H:Y74S done.
INFO:root:3NGB-H:V57T done.
INFO:root:3NGB-H:Y74S done.
INFO:root:3NGB-H:V73T done.
INFO:root:3NPS done.
INFO:root:3NPS-A:D46A done.
INFO:root:3NPS-A:D91A done.
INFO:root:3NPS-A:D47A done.
INFO:root:3NPS-A:D214A done.
INFO:root:3NPS-A:E163A done.
INFO:root:3NPS-A:F50A done.
INFO:root:3NPS-A:F89A done.
INFO:root:3NPS-A:F92A done.
INFO:root:3NPS-A:H138A done.
INFO:root:3NPS-A:I26A done.
INFO:root:3NPS-A:I45A done.
INFO:root:3NPS-A:K221A done.
INFO:root:3NPS-A:L147A done.
INFO:root:3NPS-A:N90A done.
INFO:root:3NPS-A:Q23A done.
INFO:root:3NPS-A:Q140A done.
INFO:root:3NPS-A:Q168A done.
INFO:root:3NPS-A:Q169A done.
INFO:root:3NPS-A:Q218A done.
INFO:root:3NPS-A:R51A done.
INFO:root:3NPS-A:R48A done.
INFO:root:3NPS-A:R82A done.
INFO:root:3NPS-A:R219A done.
INFO:root:3NPS-A:T93A done.
INFO:root:3NPS-A:T144A done.
INFO:root:3NPS-A:Y52A done.
INFO:root:3WJJ done.
INFO:root:3NPS-A:Y141A done.
INFO:root:3WJJ-A:A327N_B:A327N done.
INFO:root:3WJJ-A:A327S_B:A327S done.
INFO:root:3WJJ-A:A330I_B:A330I done.
INFO:root:3WJJ-A:A330L_B:A330L done.
INFO:root:3WJJ-A:A330L_B:A330L_A:I332E_B:I332E done.
INFO:root:3WJJ-A:A330Y_B:A330Y done.
INFO:root:3WJJ-A:I332D_B:I332D done.
INFO:root:3WJJ-A:A330Y_B:A330Y_A:I332E_B:I332E done.
INFO:root:3WJJ-A:I332E_B:I332E done.
INFO:root:3WJJ-A:S239D_B:S239D done.
INFO:root:3WJJ-A:S239D_B:S239D_A:A330L_B:A330L_A:I332E_B:I332E done.
INFO:root:3WJJ-A:S239D_B:S239D_A:I332E_B:I332E done.
INFO:root:3WJJ-A:S239D_B:S239D_A:S298A_B:S298A_A:I332E_B:I332E done.
INFO:root:3WJJ-A:S239D_B:S239D_A:V264I_B:V264I_A:I332E_B:I332E done.
INFO:root:3WJJ-A:S239N_B:S239N_A:S298A_B:S298A_A:I332E_B:I332E done.
INFO:root:3WJJ-A:S239E_B:S239E_A:I332E_B:I332E done.
INFO:root:3WJJ-A:S239Q_B:S239Q_A:I332E_B:I332E done.
INFO:root:3WJJ-A:V240A_B:V240A done.
INFO:root:3WJJ-A:V240M_B:V240M done.
INFO:root:3WJJ-A:V264I_B:V264I_A:A330L_B:A330L_A:I332E_B:I332E done.
INFO:root:3WJJ-A:V264I_B:V264I_A:A330Y_B:A330Y_A:I332E_B:I332E done.
INFO:root:3WJJ-A:V264I_B:V264I_A:I332E_B:I332E done.
INFO:root:3WJJ-A:V264Y_B:V264Y done.
INFO:root:3WJJ-A:Y296E_B:Y296E done.
INFO:root:HM_1KTZ done.
INFO:root:3WJJ-A:Y296Q_B:Y296Q done.
INFO:root:HM_1KTZ-B:D32A done.
INFO:root:HM_1KTZ-B:D32N done.
INFO:root:HM_1KTZ-B:D118A done.
INFO:root:HM_1KTZ-B:E55A done.
INFO:root:HM_1KTZ-B:E75A done.
INFO:root:HM_1KTZ-B:E119A done.
INFO:root:HM_1KTZ-B:E119Q done.
INFO:root:HM_1KTZ-B:F30A done.
INFO:root:HM_1KTZ-B:F110A done.
INFO:root:HM_1KTZ-B:H79A done.
INFO:root:HM_1KTZ-B:I50A done.
INFO:root:HM_1KTZ-B:I125A done.
INFO:root:HM_1KTZ-B:L27A done.
INFO:root:HM_1KTZ-B:I53A done.
INFO:root:HM_1KTZ-B:M112A done.
INFO:root:HM_1KTZ-B:N47A done.
INFO:root:HM_1KTZ-B:S49A done.
INFO:root:HM_1KTZ-B:S52A done.
INFO:root:HM_1KTZ-B:S52L done.
INFO:root:HM_1KTZ-B:V77A done.
INFO:root:HM_1KTZ-B:V62A done.
INFO:root:HM_1KTZ-B:T51A done.
INFO:root:HM_1YY9-H:A98W done.
INFO:root:HM_1YY9-H:G33D done.
INFO:root:HM_1YY9 done.
INFO:root:HM_1YY9-H:I51G done.
INFO:root:HM_1YY9-H:R97D done.
INFO:root:HM_1YY9-H:T57P done.
INFO:root:HM_1YY9-H:T57G done.
INFO:root:HM_1YY9-H:T100Y done.
INFO:root:HM_1YY9-H:V50L done.
INFO:root:HM_1YY9-H:Y32R done.
INFO:root:HM_1YY9-H:V50Q done.
INFO:root:HM_1YY9-L:A25V done.
INFO:root:HM_1YY9-L:G30Y done.
INFO:root:HM_1YY9-L:T97D done.
INFO:root:HM_1YY9-L:T97C done.
INFO:root:HM_1YY9-L:Q27Y done.
INFO:root:HM_1YY9-L:T97S done.
INFO:root:HM_2NYY-A:D902A done.
INFO:root:HM_2NYY-A:D1062A done.
INFO:root:HM_2NYY done.
INFO:root:HM_2NYY-A:E920A done.
INFO:root:HM_2NYY-A:F953A done.
INFO:root:HM_2NYY-A:I917A done.
INFO:root:HM_2NYY-A:K915A done.
INFO:root:HM_2NYY-A:K955A done.
INFO:root:HM_2NYY-A:L919A done.
INFO:root:HM_2NYY-A:N918A done.
INFO:root:HM_2NYY-A:N957A done.
INFO:root:HM_2NYY-A:P1063A done.
INFO:root:HM_2NYY-A:R903A done.
INFO:root:HM_2NYY-A:R1061A done.
INFO:root:HM_2NYY-A:R1064A done.
INFO:root:HM_2NYY-A:S954A done.
INFO:root:HM_2NYY-A:T923A done.
INFO:root:HM_2NYY-H:K30R done.
INFO:root:HM_2NYY-H:M34Q done.
INFO:root:HM_2NYY-H:Y31D done.
INFO:root:HM_2NYY-H:Y31Q done.
INFO:root:HM_2NYY-H:Y57Q done.
INFO:root:HM_2NYY-L:D30Y done.
INFO:root:HM_2NYY-L:H34R done.
INFO:root:HM_2NYY-L:S28Q done.
INFO:root:HM_2NYY-L:S31N done.
INFO:root:HM_2NZ9-A:D902A done.
INFO:root:HM_2NZ9 done.
INFO:root:HM_2NZ9-A:D1062A done.
INFO:root:HM_2NZ9-A:E920A done.
INFO:root:HM_2NZ9-A:F953A done.
INFO:root:HM_2NZ9-A:I917A done.
INFO:root:HM_2NZ9-A:K915A done.
INFO:root:HM_2NZ9-A:K955A done.
INFO:root:HM_2NZ9-A:L919A done.
INFO:root:HM_2NZ9-A:N918A done.
INFO:root:HM_2NZ9-A:N957A done.
INFO:root:HM_2NZ9-A:P1063A done.
INFO:root:HM_2NZ9-A:R903A done.
INFO:root:HM_2NZ9-A:R1061A done.
INFO:root:HM_3BN9 done.
INFO:root:HM_2NZ9-A:R1064A done.
INFO:root:HM_3BN9-H:P100H done.
INFO:root:HM_2NZ9-A:T923A done.
INFO:root:HM_2NZ9-A:S954A done.
INFO:root:HM_3BN9-H:Q100aV done.
INFO:root:HM_3BN9-H:S30G done.
INFO:root:HM_3BN9-H:T28R done.
INFO:root:HM_3BN9-H:S30N done.
INFO:root:HM_3BN9-H:T98Q done.
INFO:root:HM_3BN9-H:T98R done.
INFO:root:HM_3BN9-H:Y99S done.
